<?xml version="1.0" encoding="UTF-8"?>
<!-- Generated by org.testng.reporters.JUnitXMLReporter -->
<testsuite ignored="0" hostname="MSDT011" failures="0" tests="3" name="Default test" time="27.493" errors="0" timestamp="2022-06-02T13:54:51 IST">
  <testcase classname="tests.LoginPageTest" name="enterLoginDetails" time="15.251"/>
  <testcase classname="tests.LoginPageTest" name="verifyTitleOfUser" time="0.442"/>
  <testcase classname="tests.LoginPageTest" name="verifyGetWindowHandles" time="7.077"/>
</testsuite> <!-- Default test -->
