<?xml version="1.0" encoding="UTF-8"?>
<!-- Generated by org.testng.reporters.JUnitXMLReporter -->
<testsuite ignored="0" hostname="MSDT011" failures="1" tests="1" name="Login Page Test" time="5.284" errors="0" timestamp="2022-05-30T20:34:52 IST">
  <testcase classname="tests.LoginPageTest" name="enterLoginDetails" time="0.006">
    <failure type="java.lang.NullPointerException">
      <![CDATA[java.lang.NullPointerException
at tests.LoginPageTest.enterLoginDetails(LoginPageTest.java:12)
at java.base/java.util.ArrayList.forEach(ArrayList.java:1541)
... Removed 27 stack frames]]>
    </failure>
  </testcase> <!-- enterLoginDetails -->
</testsuite> <!-- Login Page Test -->
