<?xml version="1.0" encoding="UTF-8"?>
<testng-results ignored="0" total="3" passed="3" failed="0" skipped="0">
  <reporter-output>
  </reporter-output>
  <suite started-at="2022-06-02T13:54:24 IST" name="Default suite" finished-at="2022-06-02T13:54:51 IST" duration-ms="27493">
    <groups>
    </groups>
    <test started-at="2022-06-02T13:54:24 IST" name="Default test" finished-at="2022-06-02T13:54:51 IST" duration-ms="27493">
      <class name="tests.LoginPageTest">
        <test-method is-config="true" signature="intialization()[pri:0, instance:tests.LoginPageTest@791f145a]" started-at="2022-06-02T13:54:24 IST" name="intialization" finished-at="2022-06-02T13:54:28 IST" duration-ms="4678" status="PASS">
          <reporter-output>
          </reporter-output>
        </test-method> <!-- intialization -->
        <test-method signature="enterLoginDetails()[pri:0, instance:tests.LoginPageTest@791f145a]" started-at="2022-06-02T13:54:28 IST" name="enterLoginDetails" finished-at="2022-06-02T13:54:44 IST" duration-ms="15251" status="PASS">
          <reporter-output>
          </reporter-output>
        </test-method> <!-- enterLoginDetails -->
        <test-method signature="verifyTitleOfUser()[pri:1, instance:tests.LoginPageTest@791f145a]" started-at="2022-06-02T13:54:44 IST" name="verifyTitleOfUser" finished-at="2022-06-02T13:54:44 IST" duration-ms="442" status="PASS">
          <reporter-output>
          </reporter-output>
        </test-method> <!-- verifyTitleOfUser -->
        <test-method signature="verifyGetWindowHandles()[pri:2, instance:tests.LoginPageTest@791f145a]" started-at="2022-06-02T13:54:44 IST" name="verifyGetWindowHandles" finished-at="2022-06-02T13:54:51 IST" duration-ms="7077" status="PASS">
          <reporter-output>
          </reporter-output>
        </test-method> <!-- verifyGetWindowHandles -->
      </class> <!-- tests.LoginPageTest -->
    </test> <!-- Default test -->
  </suite> <!-- Default suite -->
</testng-results>
